2018-02-21 19:55:04,582|||main||||DEBUG|||||org.acumos.databroker.zipbroker.controller.ZipBrokerFileControllerTest|| In getZipBrokerProcessor method
2018-02-21 19:55:04,639|||main||||DEBUG|||||org.acumos.databroker.zipbroker.service.impl.ZipBrokerFileServiceImpl|| In getZipFile method
2018-02-21 19:55:05,356|||main||||DEBUG|||||org.acumos.databroker.zipbroker.service.impl.ZipBrokerFileServiceImpl|| In getUnzipFileFromInputStream method
2018-02-21 19:55:05,357|||main||||DEBUG|||||org.acumos.databroker.zipbroker.service.impl.ZipBrokerFileServiceImpl|| In getMIMEType method
2018-02-21 19:55:05,375|||main||||DEBUG|||||org.acumos.databroker.zipbroker.service.impl.ZipBrokerFileServiceImpl|| In getMIMEType method
2018-02-21 19:55:05,376|||main||||DEBUG|||||org.acumos.databroker.zipbroker.service.impl.ZipBrokerFileServiceImpl|| In getMIMEType method
2018-02-21 19:55:05,765|||main||||DEBUG|||||org.acumos.databroker.zipbroker.service.impl.ZipBrokerFileServiceImpl|| In getMIMEType method
2018-02-21 19:55:05,778|||main||||DEBUG|||||org.acumos.databroker.zipbroker.service.impl.ZipBrokerFileServiceImpl|| In getMIMEType method
2018-02-21 19:55:05,784|||main||||DEBUG|||||org.acumos.databroker.zipbroker.service.impl.ZipBrokerFileServiceImpl|| In getMIMEType method
2018-02-21 19:55:05,964|||main||||DEBUG|||||org.acumos.databroker.zipbroker.service.impl.ZipBrokerFileServiceImpl|| In getMIMEType method
2018-02-21 19:55:05,984|||main||||DEBUG|||||org.acumos.databroker.zipbroker.service.impl.ZipBrokerFileServiceImpl|| In getMIMEType method
2018-02-21 19:55:06,169|||main||||DEBUG|||||org.acumos.databroker.zipbroker.service.impl.ZipBrokerFileServiceImpl|| In getMIMEType method
2018-02-21 19:55:06,189|||main||||DEBUG|||||org.acumos.databroker.zipbroker.service.impl.ZipBrokerFileServiceImpl|| In getMIMEType method
2018-02-21 19:55:06,371|||main||||DEBUG|||||org.acumos.databroker.zipbroker.service.impl.ZipBrokerFileServiceImpl|| In getMIMEType method
2018-02-21 19:55:06,393|||main||||DEBUG|||||org.acumos.databroker.zipbroker.service.impl.ZipBrokerFileServiceImpl|| In getMIMEType method
2018-02-21 19:55:06,405|||main||||DEBUG|||||org.acumos.databroker.zipbroker.service.impl.ZipBrokerFileServiceImpl|| In getMIMEType method
2018-02-21 19:55:06,578|||main||||DEBUG|||||org.acumos.databroker.zipbroker.service.impl.ZipBrokerFileServiceImpl|| In getMIMEType method
2018-02-21 19:55:06,595|||main||||DEBUG|||||org.acumos.databroker.zipbroker.service.impl.ZipBrokerFileServiceImpl|| In getMIMEType method
2018-02-21 19:55:06,781|||main||||DEBUG|||||org.acumos.databroker.zipbroker.service.impl.ZipBrokerFileServiceImpl|| In getMIMEType method
2018-02-21 19:55:06,804|||main||||DEBUG|||||org.acumos.databroker.zipbroker.service.impl.ZipBrokerFileServiceImpl|| In getMIMEType method
2018-02-21 19:55:06,989|||main||||DEBUG|||||org.acumos.databroker.zipbroker.service.impl.ZipBrokerFileServiceImpl|| In getMIMEType method
2018-02-21 19:55:07,006|||main||||DEBUG|||||org.acumos.databroker.zipbroker.service.impl.ZipBrokerFileServiceImpl|| In getMIMEType method
2018-02-21 19:55:07,015|||main||||DEBUG|||||org.acumos.databroker.zipbroker.service.impl.ZipBrokerFileServiceImpl|| In getMIMEType method
2018-02-21 19:55:07,023|||main||||DEBUG|||||org.acumos.databroker.zipbroker.service.impl.ZipBrokerFileServiceImpl|| In getMIMEType method
2018-02-21 19:55:07,031|||main||||DEBUG|||||org.acumos.databroker.zipbroker.service.impl.ZipBrokerFileServiceImpl|| In getMIMEType method
2018-02-21 19:55:07,037|||main||||DEBUG|||||org.acumos.databroker.zipbroker.service.impl.ZipBrokerFileServiceImpl|| In getMIMEType method
2018-02-21 19:55:07,042|||main||||DEBUG|||||org.acumos.databroker.zipbroker.service.impl.ZipBrokerFileServiceImpl|| In getMIMEType method
2018-02-21 19:55:07,192|||main||||DEBUG|||||org.acumos.databroker.zipbroker.service.impl.ZipBrokerFileServiceImpl|| In getMIMEType method
2018-02-21 19:55:07,210|||main||||DEBUG|||||org.acumos.databroker.zipbroker.service.impl.ZipBrokerFileServiceImpl|| In getMIMEType method
2018-02-21 19:55:07,220|||main||||DEBUG|||||org.acumos.databroker.zipbroker.service.impl.ZipBrokerFileServiceImpl|| In getMIMEType method
2018-02-21 19:55:07,229|||main||||DEBUG|||||org.acumos.databroker.zipbroker.service.impl.ZipBrokerFileServiceImpl|| In getMIMEType method
2018-02-21 19:55:07,235|||main||||DEBUG|||||org.acumos.databroker.zipbroker.service.impl.ZipBrokerFileServiceImpl|| In getMIMEType method
2018-02-21 19:55:07,241|||main||||DEBUG|||||org.acumos.databroker.zipbroker.service.impl.ZipBrokerFileServiceImpl|| In getMIMEType method
2018-02-21 19:55:07,246|||main||||DEBUG|||||org.acumos.databroker.zipbroker.service.impl.ZipBrokerFileServiceImpl|| In getMIMEType method
2018-02-21 19:55:07,251|||main||||DEBUG|||||org.acumos.databroker.zipbroker.service.impl.ZipBrokerFileServiceImpl|| In getMIMEType method
2018-02-21 19:55:07,255|||main||||DEBUG|||||org.acumos.databroker.zipbroker.service.impl.ZipBrokerFileServiceImpl|| In getMIMEType method
2018-02-21 19:55:07,260|||main||||DEBUG|||||org.acumos.databroker.zipbroker.service.impl.ZipBrokerFileServiceImpl|| In getMIMEType method
2018-02-21 19:55:07,264|||main||||DEBUG|||||org.acumos.databroker.zipbroker.service.impl.ZipBrokerFileServiceImpl|| In getMIMEType method
2018-02-21 19:55:07,399|||main||||DEBUG|||||org.acumos.databroker.zipbroker.service.impl.ZipBrokerFileServiceImpl|| In getMIMEType method
2018-02-21 19:55:07,416|||main||||DEBUG|||||org.acumos.databroker.zipbroker.service.impl.ZipBrokerFileServiceImpl|| In getMIMEType method
2018-02-21 19:55:07,429|||main||||DEBUG|||||org.acumos.databroker.zipbroker.service.impl.ZipBrokerFileServiceImpl|| In getMIMEType method
2018-02-21 19:55:07,444|||main||||DEBUG|||||org.acumos.databroker.zipbroker.service.impl.ZipBrokerFileServiceImpl|| In generateZipReaderResult metod
2018-02-21 19:55:08,502|||main||||DEBUG|||||org.acumos.databroker.zipbroker.service.impl.ZipBrokerServiceImplTest|| In getZipFileFromURL
2018-02-21 19:55:08,502|||main||||DEBUG|||||org.acumos.databroker.zipbroker.service.impl.ZipBrokerFileServiceImpl|| In getZipFile method
2018-02-21 19:55:08,919|||main||||DEBUG|||||org.acumos.databroker.zipbroker.service.impl.ZipBrokerFileServiceImpl|| In getUnzipFileFromInputStream method
2018-02-21 19:55:08,919|||main||||DEBUG|||||org.acumos.databroker.zipbroker.service.impl.ZipBrokerFileServiceImpl|| In getMIMEType method
2018-02-21 19:55:08,921|||main||||DEBUG|||||org.acumos.databroker.zipbroker.service.impl.ZipBrokerFileServiceImpl|| In getMIMEType method
2018-02-21 19:55:08,924|||main||||DEBUG|||||org.acumos.databroker.zipbroker.service.impl.ZipBrokerFileServiceImpl|| In getMIMEType method
2018-02-21 19:55:09,546|||main||||DEBUG|||||org.acumos.databroker.zipbroker.service.impl.ZipBrokerFileServiceImpl|| In getMIMEType method
2018-02-21 19:55:09,750|||main||||DEBUG|||||org.acumos.databroker.zipbroker.service.impl.ZipBrokerFileServiceImpl|| In getMIMEType method
2018-02-21 19:55:09,765|||main||||DEBUG|||||org.acumos.databroker.zipbroker.service.impl.ZipBrokerFileServiceImpl|| In getMIMEType method
2018-02-21 19:55:09,951|||main||||DEBUG|||||org.acumos.databroker.zipbroker.service.impl.ZipBrokerFileServiceImpl|| In getMIMEType method
2018-02-21 19:55:09,959|||main||||DEBUG|||||org.acumos.databroker.zipbroker.service.impl.ZipBrokerFileServiceImpl|| In getMIMEType method
2018-02-21 19:55:10,156|||main||||DEBUG|||||org.acumos.databroker.zipbroker.service.impl.ZipBrokerFileServiceImpl|| In getMIMEType method
2018-02-21 19:55:10,169|||main||||DEBUG|||||org.acumos.databroker.zipbroker.service.impl.ZipBrokerFileServiceImpl|| In getMIMEType method
2018-02-21 19:55:10,363|||main||||DEBUG|||||org.acumos.databroker.zipbroker.service.impl.ZipBrokerFileServiceImpl|| In getMIMEType method
2018-02-21 19:55:10,386|||main||||DEBUG|||||org.acumos.databroker.zipbroker.service.impl.ZipBrokerFileServiceImpl|| In getMIMEType method
2018-02-21 19:55:10,395|||main||||DEBUG|||||org.acumos.databroker.zipbroker.service.impl.ZipBrokerFileServiceImpl|| In getMIMEType method
2018-02-21 19:55:10,402|||main||||DEBUG|||||org.acumos.databroker.zipbroker.service.impl.ZipBrokerFileServiceImpl|| In getMIMEType method
2018-02-21 19:55:10,408|||main||||DEBUG|||||org.acumos.databroker.zipbroker.service.impl.ZipBrokerFileServiceImpl|| In getMIMEType method
2018-02-21 19:55:10,412|||main||||DEBUG|||||org.acumos.databroker.zipbroker.service.impl.ZipBrokerFileServiceImpl|| In getMIMEType method
2018-02-21 19:55:10,418|||main||||DEBUG|||||org.acumos.databroker.zipbroker.service.impl.ZipBrokerFileServiceImpl|| In getMIMEType method
2018-02-21 19:55:10,572|||main||||DEBUG|||||org.acumos.databroker.zipbroker.service.impl.ZipBrokerFileServiceImpl|| In getMIMEType method
2018-02-21 19:55:10,591|||main||||DEBUG|||||org.acumos.databroker.zipbroker.service.impl.ZipBrokerFileServiceImpl|| In getMIMEType method
2018-02-21 19:55:10,599|||main||||DEBUG|||||org.acumos.databroker.zipbroker.service.impl.ZipBrokerFileServiceImpl|| In getMIMEType method
2018-02-21 19:55:10,608|||main||||DEBUG|||||org.acumos.databroker.zipbroker.service.impl.ZipBrokerFileServiceImpl|| In getMIMEType method
2018-02-21 19:55:10,616|||main||||DEBUG|||||org.acumos.databroker.zipbroker.service.impl.ZipBrokerFileServiceImpl|| In getMIMEType method
2018-02-21 19:55:10,622|||main||||DEBUG|||||org.acumos.databroker.zipbroker.service.impl.ZipBrokerFileServiceImpl|| In getMIMEType method
2018-02-21 19:55:10,628|||main||||DEBUG|||||org.acumos.databroker.zipbroker.service.impl.ZipBrokerFileServiceImpl|| In getMIMEType method
2018-02-21 19:55:10,633|||main||||DEBUG|||||org.acumos.databroker.zipbroker.service.impl.ZipBrokerFileServiceImpl|| In getMIMEType method
2018-02-21 19:55:10,638|||main||||DEBUG|||||org.acumos.databroker.zipbroker.service.impl.ZipBrokerFileServiceImpl|| In getMIMEType method
2018-02-21 19:55:10,642|||main||||DEBUG|||||org.acumos.databroker.zipbroker.service.impl.ZipBrokerFileServiceImpl|| In getMIMEType method
2018-02-21 19:55:10,647|||main||||DEBUG|||||org.acumos.databroker.zipbroker.service.impl.ZipBrokerFileServiceImpl|| In getMIMEType method
2018-02-21 19:55:10,651|||main||||DEBUG|||||org.acumos.databroker.zipbroker.service.impl.ZipBrokerFileServiceImpl|| In getMIMEType method
2018-02-21 19:55:10,656|||main||||DEBUG|||||org.acumos.databroker.zipbroker.service.impl.ZipBrokerFileServiceImpl|| In getMIMEType method
2018-02-21 19:55:10,662|||main||||DEBUG|||||org.acumos.databroker.zipbroker.service.impl.ZipBrokerFileServiceImpl|| In getMIMEType method
2018-02-21 19:55:10,877|||main||||DEBUG|||||org.acumos.databroker.zipbroker.service.impl.ZipBrokerFileServiceImpl|| In getMIMEType method
2018-02-21 19:55:10,890|||main||||DEBUG|||||org.acumos.databroker.zipbroker.service.impl.ZipBrokerFileServiceImpl|| In getMIMEType method
2018-02-21 19:55:10,901|||main||||DEBUG|||||org.acumos.databroker.zipbroker.service.impl.ZipBrokerFileServiceImpl|| In getMIMEType method
2018-02-21 19:55:10,908|||main||||DEBUG|||||org.acumos.databroker.zipbroker.service.impl.ZipBrokerFileServiceImpl|| In getMIMEType method
2018-02-21 19:55:10,915|||main||||DEBUG|||||org.acumos.databroker.zipbroker.service.impl.ZipBrokerFileServiceImpl|| In getMIMEType method
2018-02-21 19:55:10,920|||main||||DEBUG|||||org.acumos.databroker.zipbroker.service.impl.ZipBrokerFileServiceImpl|| In getMIMEType method
2018-02-21 19:55:10,924|||main||||DEBUG|||||org.acumos.databroker.zipbroker.service.impl.ZipBrokerFileServiceImpl|| In getMIMEType method
2018-02-21 20:49:03,018|||main||||DEBUG|||||org.acumos.databroker.zipbroker.test.service.impl.ZipBrokerServiceImpl|| In getZipFileFromURL
2018-02-21 20:49:03,019|||main||||DEBUG|||||org.acumos.databroker.zipbroker.service.impl.ZipBrokerFileServiceImpl|| In getZipFile method
2018-02-21 20:49:03,371|||main||||DEBUG|||||org.acumos.databroker.zipbroker.service.impl.ZipBrokerFileServiceImpl|| In getUnzipFileFromInputStream method
2018-02-21 20:49:03,372|||main||||DEBUG|||||org.acumos.databroker.zipbroker.service.impl.ZipBrokerFileServiceImpl|| In getMIMEType method
2018-02-21 20:49:03,379|||main||||DEBUG|||||org.acumos.databroker.zipbroker.service.impl.ZipBrokerFileServiceImpl|| In getMIMEType method
2018-02-21 20:49:03,382|||main||||DEBUG|||||org.acumos.databroker.zipbroker.service.impl.ZipBrokerFileServiceImpl|| In getMIMEType method
2018-02-21 20:49:03,610|||main||||DEBUG|||||org.acumos.databroker.zipbroker.service.impl.ZipBrokerFileServiceImpl|| In getMIMEType method
2018-02-21 20:49:03,690|||main||||DEBUG|||||org.acumos.databroker.zipbroker.service.impl.ZipBrokerFileServiceImpl|| In getMIMEType method
2018-02-21 20:49:03,708|||main||||DEBUG|||||org.acumos.databroker.zipbroker.service.impl.ZipBrokerFileServiceImpl|| In getMIMEType method
2018-02-21 20:49:03,831|||main||||DEBUG|||||org.acumos.databroker.zipbroker.service.impl.ZipBrokerFileServiceImpl|| In getMIMEType method
2018-02-21 20:49:03,855|||main||||DEBUG|||||org.acumos.databroker.zipbroker.service.impl.ZipBrokerFileServiceImpl|| In getMIMEType method
2018-02-21 20:49:03,980|||main||||DEBUG|||||org.acumos.databroker.zipbroker.service.impl.ZipBrokerFileServiceImpl|| In getMIMEType method
2018-02-21 20:49:03,999|||main||||DEBUG|||||org.acumos.databroker.zipbroker.service.impl.ZipBrokerFileServiceImpl|| In getMIMEType method
2018-02-21 20:49:04,125|||main||||DEBUG|||||org.acumos.databroker.zipbroker.service.impl.ZipBrokerFileServiceImpl|| In getMIMEType method
2018-02-21 20:49:04,143|||main||||DEBUG|||||org.acumos.databroker.zipbroker.service.impl.ZipBrokerFileServiceImpl|| In getMIMEType method
2018-02-21 20:49:04,156|||main||||DEBUG|||||org.acumos.databroker.zipbroker.service.impl.ZipBrokerFileServiceImpl|| In getMIMEType method
2018-02-21 20:49:04,276|||main||||DEBUG|||||org.acumos.databroker.zipbroker.service.impl.ZipBrokerFileServiceImpl|| In getMIMEType method
2018-02-21 20:49:04,291|||main||||DEBUG|||||org.acumos.databroker.zipbroker.service.impl.ZipBrokerFileServiceImpl|| In getMIMEType method
2018-02-21 20:49:04,299|||main||||DEBUG|||||org.acumos.databroker.zipbroker.service.impl.ZipBrokerFileServiceImpl|| In getMIMEType method
2018-02-21 20:49:04,310|||main||||DEBUG|||||org.acumos.databroker.zipbroker.service.impl.ZipBrokerFileServiceImpl|| In getMIMEType method
2018-02-21 20:49:04,317|||main||||DEBUG|||||org.acumos.databroker.zipbroker.service.impl.ZipBrokerFileServiceImpl|| In getMIMEType method
2018-02-21 20:49:04,321|||main||||DEBUG|||||org.acumos.databroker.zipbroker.service.impl.ZipBrokerFileServiceImpl|| In getMIMEType method
2018-02-21 20:49:04,419|||main||||DEBUG|||||org.acumos.databroker.zipbroker.service.impl.ZipBrokerFileServiceImpl|| In getMIMEType method
2018-02-21 20:49:04,441|||main||||DEBUG|||||org.acumos.databroker.zipbroker.service.impl.ZipBrokerFileServiceImpl|| In getMIMEType method
2018-02-21 20:49:04,458|||main||||DEBUG|||||org.acumos.databroker.zipbroker.service.impl.ZipBrokerFileServiceImpl|| In getMIMEType method
2018-02-21 20:49:04,468|||main||||DEBUG|||||org.acumos.databroker.zipbroker.service.impl.ZipBrokerFileServiceImpl|| In getMIMEType method
2018-02-21 20:49:04,477|||main||||DEBUG|||||org.acumos.databroker.zipbroker.service.impl.ZipBrokerFileServiceImpl|| In getMIMEType method
2018-02-21 20:49:04,486|||main||||DEBUG|||||org.acumos.databroker.zipbroker.service.impl.ZipBrokerFileServiceImpl|| In getMIMEType method
2018-02-21 20:49:04,495|||main||||DEBUG|||||org.acumos.databroker.zipbroker.service.impl.ZipBrokerFileServiceImpl|| In getMIMEType method
2018-02-21 20:49:04,502|||main||||DEBUG|||||org.acumos.databroker.zipbroker.service.impl.ZipBrokerFileServiceImpl|| In getMIMEType method
2018-02-21 20:49:04,508|||main||||DEBUG|||||org.acumos.databroker.zipbroker.service.impl.ZipBrokerFileServiceImpl|| In getMIMEType method
2018-02-21 20:49:04,515|||main||||DEBUG|||||org.acumos.databroker.zipbroker.service.impl.ZipBrokerFileServiceImpl|| In getMIMEType method
2018-02-21 20:49:04,520|||main||||DEBUG|||||org.acumos.databroker.zipbroker.service.impl.ZipBrokerFileServiceImpl|| In getMIMEType method
2018-02-21 20:49:04,524|||main||||DEBUG|||||org.acumos.databroker.zipbroker.service.impl.ZipBrokerFileServiceImpl|| In getMIMEType method
2018-02-21 20:49:04,529|||main||||DEBUG|||||org.acumos.databroker.zipbroker.service.impl.ZipBrokerFileServiceImpl|| In getMIMEType method
2018-02-21 20:49:04,563|||main||||DEBUG|||||org.acumos.databroker.zipbroker.service.impl.ZipBrokerFileServiceImpl|| In getMIMEType method
2018-02-21 20:49:04,574|||main||||DEBUG|||||org.acumos.databroker.zipbroker.service.impl.ZipBrokerFileServiceImpl|| In getMIMEType method
2018-02-21 20:49:04,587|||main||||DEBUG|||||org.acumos.databroker.zipbroker.service.impl.ZipBrokerFileServiceImpl|| In getMIMEType method
2018-02-21 20:49:04,602|||main||||DEBUG|||||org.acumos.databroker.zipbroker.service.impl.ZipBrokerFileServiceImpl|| In getMIMEType method
2018-02-21 20:49:04,612|||main||||DEBUG|||||org.acumos.databroker.zipbroker.service.impl.ZipBrokerFileServiceImpl|| In getMIMEType method
2018-02-21 20:49:04,623|||main||||DEBUG|||||org.acumos.databroker.zipbroker.service.impl.ZipBrokerFileServiceImpl|| In getMIMEType method
2018-02-21 20:49:04,647|||main||||DEBUG|||||org.acumos.databroker.zipbroker.test.controller.ZipBrokerFileController|| In getZipBrokerProcessor method
2018-02-21 20:49:04,777|||main||||DEBUG|||||org.acumos.databroker.zipbroker.service.impl.ZipBrokerFileServiceImpl|| In getZipFile method
2018-02-21 20:49:05,196|||main||||DEBUG|||||org.acumos.databroker.zipbroker.service.impl.ZipBrokerFileServiceImpl|| In getUnzipFileFromInputStream method
2018-02-21 20:49:05,197|||main||||DEBUG|||||org.acumos.databroker.zipbroker.service.impl.ZipBrokerFileServiceImpl|| In getMIMEType method
2018-02-21 20:49:05,201|||main||||DEBUG|||||org.acumos.databroker.zipbroker.service.impl.ZipBrokerFileServiceImpl|| In getMIMEType method
2018-02-21 20:49:05,205|||main||||DEBUG|||||org.acumos.databroker.zipbroker.service.impl.ZipBrokerFileServiceImpl|| In getMIMEType method
2018-02-21 20:49:05,363|||main||||DEBUG|||||org.acumos.databroker.zipbroker.service.impl.ZipBrokerFileServiceImpl|| In getMIMEType method
2018-02-21 20:49:05,510|||main||||DEBUG|||||org.acumos.databroker.zipbroker.service.impl.ZipBrokerFileServiceImpl|| In getMIMEType method
2018-02-21 20:49:05,525|||main||||DEBUG|||||org.acumos.databroker.zipbroker.service.impl.ZipBrokerFileServiceImpl|| In getMIMEType method
2018-02-21 20:49:05,659|||main||||DEBUG|||||org.acumos.databroker.zipbroker.service.impl.ZipBrokerFileServiceImpl|| In getMIMEType method
2018-02-21 20:49:05,675|||main||||DEBUG|||||org.acumos.databroker.zipbroker.service.impl.ZipBrokerFileServiceImpl|| In getMIMEType method
2018-02-21 20:49:05,809|||main||||DEBUG|||||org.acumos.databroker.zipbroker.service.impl.ZipBrokerFileServiceImpl|| In getMIMEType method
2018-02-21 20:49:05,831|||main||||DEBUG|||||org.acumos.databroker.zipbroker.service.impl.ZipBrokerFileServiceImpl|| In getMIMEType method
2018-02-21 20:49:05,959|||main||||DEBUG|||||org.acumos.databroker.zipbroker.service.impl.ZipBrokerFileServiceImpl|| In getMIMEType method
2018-02-21 20:49:05,974|||main||||DEBUG|||||org.acumos.databroker.zipbroker.service.impl.ZipBrokerFileServiceImpl|| In getMIMEType method
2018-02-21 20:49:05,983|||main||||DEBUG|||||org.acumos.databroker.zipbroker.service.impl.ZipBrokerFileServiceImpl|| In getMIMEType method
2018-02-21 20:49:06,112|||main||||DEBUG|||||org.acumos.databroker.zipbroker.service.impl.ZipBrokerFileServiceImpl|| In getMIMEType method
2018-02-21 20:49:06,126|||main||||DEBUG|||||org.acumos.databroker.zipbroker.service.impl.ZipBrokerFileServiceImpl|| In getMIMEType method
2018-02-21 20:49:06,135|||main||||DEBUG|||||org.acumos.databroker.zipbroker.service.impl.ZipBrokerFileServiceImpl|| In getMIMEType method
2018-02-21 20:49:06,144|||main||||DEBUG|||||org.acumos.databroker.zipbroker.service.impl.ZipBrokerFileServiceImpl|| In getMIMEType method
2018-02-21 20:49:06,152|||main||||DEBUG|||||org.acumos.databroker.zipbroker.service.impl.ZipBrokerFileServiceImpl|| In getMIMEType method
2018-02-21 20:49:06,258|||main||||DEBUG|||||org.acumos.databroker.zipbroker.service.impl.ZipBrokerFileServiceImpl|| In getMIMEType method
2018-02-21 20:49:06,276|||main||||DEBUG|||||org.acumos.databroker.zipbroker.service.impl.ZipBrokerFileServiceImpl|| In getMIMEType method
2018-02-21 20:49:06,287|||main||||DEBUG|||||org.acumos.databroker.zipbroker.service.impl.ZipBrokerFileServiceImpl|| In getMIMEType method
2018-02-21 20:49:06,294|||main||||DEBUG|||||org.acumos.databroker.zipbroker.service.impl.ZipBrokerFileServiceImpl|| In getMIMEType method
2018-02-21 20:49:06,300|||main||||DEBUG|||||org.acumos.databroker.zipbroker.service.impl.ZipBrokerFileServiceImpl|| In getMIMEType method
2018-02-21 20:49:06,305|||main||||DEBUG|||||org.acumos.databroker.zipbroker.service.impl.ZipBrokerFileServiceImpl|| In getMIMEType method
2018-02-21 20:49:06,310|||main||||DEBUG|||||org.acumos.databroker.zipbroker.service.impl.ZipBrokerFileServiceImpl|| In getMIMEType method
2018-02-21 20:49:06,314|||main||||DEBUG|||||org.acumos.databroker.zipbroker.service.impl.ZipBrokerFileServiceImpl|| In getMIMEType method
2018-02-21 20:49:06,318|||main||||DEBUG|||||org.acumos.databroker.zipbroker.service.impl.ZipBrokerFileServiceImpl|| In getMIMEType method
2018-02-21 20:49:06,323|||main||||DEBUG|||||org.acumos.databroker.zipbroker.service.impl.ZipBrokerFileServiceImpl|| In getMIMEType method
2018-02-21 20:49:06,327|||main||||DEBUG|||||org.acumos.databroker.zipbroker.service.impl.ZipBrokerFileServiceImpl|| In getMIMEType method
2018-02-21 20:49:06,332|||main||||DEBUG|||||org.acumos.databroker.zipbroker.service.impl.ZipBrokerFileServiceImpl|| In getMIMEType method
2018-02-21 20:49:06,414|||main||||DEBUG|||||org.acumos.databroker.zipbroker.service.impl.ZipBrokerFileServiceImpl|| In getMIMEType method
2018-02-21 20:49:06,434|||main||||DEBUG|||||org.acumos.databroker.zipbroker.service.impl.ZipBrokerFileServiceImpl|| In getMIMEType method
2018-02-21 20:49:06,443|||main||||DEBUG|||||org.acumos.databroker.zipbroker.service.impl.ZipBrokerFileServiceImpl|| In getMIMEType method
2018-02-21 20:49:06,450|||main||||DEBUG|||||org.acumos.databroker.zipbroker.service.impl.ZipBrokerFileServiceImpl|| In getMIMEType method
2018-02-21 20:49:06,456|||main||||DEBUG|||||org.acumos.databroker.zipbroker.service.impl.ZipBrokerFileServiceImpl|| In getMIMEType method
2018-02-21 20:49:06,461|||main||||DEBUG|||||org.acumos.databroker.zipbroker.service.impl.ZipBrokerFileServiceImpl|| In getMIMEType method
2018-02-21 20:49:06,466|||main||||DEBUG|||||org.acumos.databroker.zipbroker.service.impl.ZipBrokerFileServiceImpl|| In getMIMEType method
2018-02-21 20:49:06,470|||main||||DEBUG|||||org.acumos.databroker.zipbroker.service.impl.ZipBrokerFileServiceImpl|| In getMIMEType method
2018-02-21 20:49:06,475|||main||||DEBUG|||||org.acumos.databroker.zipbroker.service.impl.ZipBrokerFileServiceImpl|| In generateZipReaderResult metod
2018-02-21 20:51:59,959|||main||||DEBUG|||||org.acumos.databroker.zipbroker.test.service.impl.ZipBrokerServiceImpl|| In getZipFileFromURL
2018-02-21 20:51:59,961|||main||||DEBUG|||||org.acumos.databroker.zipbroker.service.impl.ZipBrokerFileServiceImpl|| In getZipFile method
2018-02-21 20:52:00,291|||main||||DEBUG|||||org.acumos.databroker.zipbroker.service.impl.ZipBrokerFileServiceImpl|| In getUnzipFileFromInputStream method
2018-02-21 20:52:00,291|||main||||DEBUG|||||org.acumos.databroker.zipbroker.service.impl.ZipBrokerFileServiceImpl|| In getMIMEType method
2018-02-21 20:52:00,296|||main||||DEBUG|||||org.acumos.databroker.zipbroker.service.impl.ZipBrokerFileServiceImpl|| In getMIMEType method
2018-02-21 20:52:00,297|||main||||DEBUG|||||org.acumos.databroker.zipbroker.service.impl.ZipBrokerFileServiceImpl|| In getMIMEType method
2018-02-21 20:52:00,506|||main||||DEBUG|||||org.acumos.databroker.zipbroker.service.impl.ZipBrokerFileServiceImpl|| In getMIMEType method
2018-02-21 20:52:00,605|||main||||DEBUG|||||org.acumos.databroker.zipbroker.service.impl.ZipBrokerFileServiceImpl|| In getMIMEType method
2018-02-21 20:52:00,623|||main||||DEBUG|||||org.acumos.databroker.zipbroker.service.impl.ZipBrokerFileServiceImpl|| In getMIMEType method
2018-02-21 20:52:00,754|||main||||DEBUG|||||org.acumos.databroker.zipbroker.service.impl.ZipBrokerFileServiceImpl|| In getMIMEType method
2018-02-21 20:52:00,775|||main||||DEBUG|||||org.acumos.databroker.zipbroker.service.impl.ZipBrokerFileServiceImpl|| In getMIMEType method
2018-02-21 20:52:00,905|||main||||DEBUG|||||org.acumos.databroker.zipbroker.service.impl.ZipBrokerFileServiceImpl|| In getMIMEType method
2018-02-21 20:52:00,923|||main||||DEBUG|||||org.acumos.databroker.zipbroker.service.impl.ZipBrokerFileServiceImpl|| In getMIMEType method
2018-02-21 20:52:00,938|||main||||DEBUG|||||org.acumos.databroker.zipbroker.service.impl.ZipBrokerFileServiceImpl|| In getMIMEType method
2018-02-21 20:52:00,954|||main||||DEBUG|||||org.acumos.databroker.zipbroker.service.impl.ZipBrokerFileServiceImpl|| In getMIMEType method
2018-02-21 20:52:00,968|||main||||DEBUG|||||org.acumos.databroker.zipbroker.service.impl.ZipBrokerFileServiceImpl|| In getMIMEType method
2018-02-21 20:52:00,983|||main||||DEBUG|||||org.acumos.databroker.zipbroker.service.impl.ZipBrokerFileServiceImpl|| In getMIMEType method
2018-02-21 20:52:01,054|||main||||DEBUG|||||org.acumos.databroker.zipbroker.service.impl.ZipBrokerFileServiceImpl|| In getMIMEType method
2018-02-21 20:52:01,068|||main||||DEBUG|||||org.acumos.databroker.zipbroker.service.impl.ZipBrokerFileServiceImpl|| In getMIMEType method
2018-02-21 20:52:01,089|||main||||DEBUG|||||org.acumos.databroker.zipbroker.service.impl.ZipBrokerFileServiceImpl|| In getMIMEType method
2018-02-21 20:52:01,101|||main||||DEBUG|||||org.acumos.databroker.zipbroker.service.impl.ZipBrokerFileServiceImpl|| In getMIMEType method
2018-02-21 20:52:01,108|||main||||DEBUG|||||org.acumos.databroker.zipbroker.service.impl.ZipBrokerFileServiceImpl|| In getMIMEType method
2018-02-21 20:52:01,117|||main||||DEBUG|||||org.acumos.databroker.zipbroker.service.impl.ZipBrokerFileServiceImpl|| In getMIMEType method
2018-02-21 20:52:01,126|||main||||DEBUG|||||org.acumos.databroker.zipbroker.service.impl.ZipBrokerFileServiceImpl|| In getMIMEType method
2018-02-21 20:52:01,133|||main||||DEBUG|||||org.acumos.databroker.zipbroker.service.impl.ZipBrokerFileServiceImpl|| In getMIMEType method
2018-02-21 20:52:01,139|||main||||DEBUG|||||org.acumos.databroker.zipbroker.service.impl.ZipBrokerFileServiceImpl|| In getMIMEType method
2018-02-21 20:52:01,144|||main||||DEBUG|||||org.acumos.databroker.zipbroker.service.impl.ZipBrokerFileServiceImpl|| In getMIMEType method
2018-02-21 20:52:01,151|||main||||DEBUG|||||org.acumos.databroker.zipbroker.service.impl.ZipBrokerFileServiceImpl|| In getMIMEType method
2018-02-21 20:52:01,156|||main||||DEBUG|||||org.acumos.databroker.zipbroker.service.impl.ZipBrokerFileServiceImpl|| In getMIMEType method
2018-02-21 20:52:01,161|||main||||DEBUG|||||org.acumos.databroker.zipbroker.service.impl.ZipBrokerFileServiceImpl|| In getMIMEType method
2018-02-21 20:52:01,167|||main||||DEBUG|||||org.acumos.databroker.zipbroker.service.impl.ZipBrokerFileServiceImpl|| In getMIMEType method
2018-02-21 20:52:01,206|||main||||DEBUG|||||org.acumos.databroker.zipbroker.service.impl.ZipBrokerFileServiceImpl|| In getMIMEType method
2018-02-21 20:52:01,229|||main||||DEBUG|||||org.acumos.databroker.zipbroker.service.impl.ZipBrokerFileServiceImpl|| In getMIMEType method
2018-02-21 20:52:01,247|||main||||DEBUG|||||org.acumos.databroker.zipbroker.service.impl.ZipBrokerFileServiceImpl|| In getMIMEType method
2018-02-21 20:52:01,258|||main||||DEBUG|||||org.acumos.databroker.zipbroker.service.impl.ZipBrokerFileServiceImpl|| In getMIMEType method
2018-02-21 20:52:01,267|||main||||DEBUG|||||org.acumos.databroker.zipbroker.service.impl.ZipBrokerFileServiceImpl|| In getMIMEType method
2018-02-21 20:52:01,278|||main||||DEBUG|||||org.acumos.databroker.zipbroker.service.impl.ZipBrokerFileServiceImpl|| In getMIMEType method
2018-02-21 20:52:01,287|||main||||DEBUG|||||org.acumos.databroker.zipbroker.service.impl.ZipBrokerFileServiceImpl|| In getMIMEType method
2018-02-21 20:52:01,296|||main||||DEBUG|||||org.acumos.databroker.zipbroker.service.impl.ZipBrokerFileServiceImpl|| In getMIMEType method
2018-02-21 20:52:01,305|||main||||DEBUG|||||org.acumos.databroker.zipbroker.service.impl.ZipBrokerFileServiceImpl|| In getMIMEType method
2018-02-21 20:52:01,312|||main||||DEBUG|||||org.acumos.databroker.zipbroker.service.impl.ZipBrokerFileServiceImpl|| In getMIMEType method
2018-02-21 20:52:01,330|||main||||DEBUG|||||org.acumos.databroker.zipbroker.test.controller.ZipBrokerFileController|| In getZipBrokerProcessor method
2018-02-21 20:52:01,457|||main||||DEBUG|||||org.acumos.databroker.zipbroker.service.impl.ZipBrokerFileServiceImpl|| In getZipFile method
2018-02-21 20:52:02,111|||main||||DEBUG|||||org.acumos.databroker.zipbroker.service.impl.ZipBrokerFileServiceImpl|| In generateZipReaderResult metod
2018-02-21 20:54:53,572|||main||||DEBUG|||||org.acumos.databroker.zipbroker.test.controller.ZipBrokerFileController|| In getZipBrokerProcessor method
2018-02-21 20:54:53,606|||main||||DEBUG|||||org.acumos.databroker.zipbroker.service.impl.ZipBrokerFileServiceImpl|| In getZipFile method
2018-02-21 20:54:53,932|||main||||DEBUG|||||org.acumos.databroker.zipbroker.service.impl.ZipBrokerFileServiceImpl|| In getUnzipFileFromInputStream method
2018-02-21 20:54:53,933|||main||||DEBUG|||||org.acumos.databroker.zipbroker.service.impl.ZipBrokerFileServiceImpl|| In getMIMEType method
2018-02-21 20:54:53,937|||main||||DEBUG|||||org.acumos.databroker.zipbroker.service.impl.ZipBrokerFileServiceImpl|| In getMIMEType method
2018-02-21 20:54:53,939|||main||||DEBUG|||||org.acumos.databroker.zipbroker.service.impl.ZipBrokerFileServiceImpl|| In getMIMEType method
2018-02-21 20:54:54,121|||main||||DEBUG|||||org.acumos.databroker.zipbroker.service.impl.ZipBrokerFileServiceImpl|| In getMIMEType method
2018-02-21 20:54:54,242|||main||||DEBUG|||||org.acumos.databroker.zipbroker.service.impl.ZipBrokerFileServiceImpl|| In getMIMEType method
2018-02-21 20:54:54,251|||main||||DEBUG|||||org.acumos.databroker.zipbroker.service.impl.ZipBrokerFileServiceImpl|| In getMIMEType method
2018-02-21 20:54:54,393|||main||||DEBUG|||||org.acumos.databroker.zipbroker.service.impl.ZipBrokerFileServiceImpl|| In getMIMEType method
2018-02-21 20:54:54,400|||main||||DEBUG|||||org.acumos.databroker.zipbroker.service.impl.ZipBrokerFileServiceImpl|| In getMIMEType method
2018-02-21 20:54:54,541|||main||||DEBUG|||||org.acumos.databroker.zipbroker.service.impl.ZipBrokerFileServiceImpl|| In getMIMEType method
2018-02-21 20:54:54,551|||main||||DEBUG|||||org.acumos.databroker.zipbroker.service.impl.ZipBrokerFileServiceImpl|| In getMIMEType method
2018-02-21 20:54:54,687|||main||||DEBUG|||||org.acumos.databroker.zipbroker.service.impl.ZipBrokerFileServiceImpl|| In getMIMEType method
2018-02-21 20:54:54,695|||main||||DEBUG|||||org.acumos.databroker.zipbroker.service.impl.ZipBrokerFileServiceImpl|| In getMIMEType method
2018-02-21 20:54:54,702|||main||||DEBUG|||||org.acumos.databroker.zipbroker.service.impl.ZipBrokerFileServiceImpl|| In getMIMEType method
2018-02-21 20:54:54,707|||main||||DEBUG|||||org.acumos.databroker.zipbroker.service.impl.ZipBrokerFileServiceImpl|| In getMIMEType method
2018-02-21 20:54:54,715|||main||||DEBUG|||||org.acumos.databroker.zipbroker.service.impl.ZipBrokerFileServiceImpl|| In getMIMEType method
2018-02-21 20:54:54,842|||main||||DEBUG|||||org.acumos.databroker.zipbroker.service.impl.ZipBrokerFileServiceImpl|| In getMIMEType method
2018-02-21 20:54:54,849|||main||||DEBUG|||||org.acumos.databroker.zipbroker.service.impl.ZipBrokerFileServiceImpl|| In getMIMEType method
2018-02-21 20:54:54,856|||main||||DEBUG|||||org.acumos.databroker.zipbroker.service.impl.ZipBrokerFileServiceImpl|| In getMIMEType method
2018-02-21 20:54:54,860|||main||||DEBUG|||||org.acumos.databroker.zipbroker.service.impl.ZipBrokerFileServiceImpl|| In getMIMEType method
2018-02-21 20:54:54,866|||main||||DEBUG|||||org.acumos.databroker.zipbroker.service.impl.ZipBrokerFileServiceImpl|| In getMIMEType method
2018-02-21 20:54:54,872|||main||||DEBUG|||||org.acumos.databroker.zipbroker.service.impl.ZipBrokerFileServiceImpl|| In getMIMEType method
2018-02-21 20:54:54,879|||main||||DEBUG|||||org.acumos.databroker.zipbroker.service.impl.ZipBrokerFileServiceImpl|| In getMIMEType method
2018-02-21 20:54:54,886|||main||||DEBUG|||||org.acumos.databroker.zipbroker.service.impl.ZipBrokerFileServiceImpl|| In getMIMEType method
2018-02-21 20:54:54,891|||main||||DEBUG|||||org.acumos.databroker.zipbroker.service.impl.ZipBrokerFileServiceImpl|| In getMIMEType method
2018-02-21 20:54:54,897|||main||||DEBUG|||||org.acumos.databroker.zipbroker.service.impl.ZipBrokerFileServiceImpl|| In getMIMEType method
2018-02-21 20:54:54,904|||main||||DEBUG|||||org.acumos.databroker.zipbroker.service.impl.ZipBrokerFileServiceImpl|| In getMIMEType method
2018-02-21 20:54:54,994|||main||||DEBUG|||||org.acumos.databroker.zipbroker.service.impl.ZipBrokerFileServiceImpl|| In getMIMEType method
2018-02-21 20:54:55,011|||main||||DEBUG|||||org.acumos.databroker.zipbroker.service.impl.ZipBrokerFileServiceImpl|| In getMIMEType method
2018-02-21 20:54:55,020|||main||||DEBUG|||||org.acumos.databroker.zipbroker.service.impl.ZipBrokerFileServiceImpl|| In getMIMEType method
2018-02-21 20:54:55,030|||main||||DEBUG|||||org.acumos.databroker.zipbroker.service.impl.ZipBrokerFileServiceImpl|| In getMIMEType method
2018-02-21 20:54:55,036|||main||||DEBUG|||||org.acumos.databroker.zipbroker.service.impl.ZipBrokerFileServiceImpl|| In getMIMEType method
2018-02-21 20:54:55,042|||main||||DEBUG|||||org.acumos.databroker.zipbroker.service.impl.ZipBrokerFileServiceImpl|| In getMIMEType method
2018-02-21 20:54:55,047|||main||||DEBUG|||||org.acumos.databroker.zipbroker.service.impl.ZipBrokerFileServiceImpl|| In getMIMEType method
2018-02-21 20:54:55,052|||main||||DEBUG|||||org.acumos.databroker.zipbroker.service.impl.ZipBrokerFileServiceImpl|| In getMIMEType method
2018-02-21 20:54:55,058|||main||||DEBUG|||||org.acumos.databroker.zipbroker.service.impl.ZipBrokerFileServiceImpl|| In getMIMEType method
2018-02-21 20:54:55,067|||main||||DEBUG|||||org.acumos.databroker.zipbroker.service.impl.ZipBrokerFileServiceImpl|| In getMIMEType method
2018-02-21 20:54:55,075|||main||||DEBUG|||||org.acumos.databroker.zipbroker.service.impl.ZipBrokerFileServiceImpl|| In getMIMEType method
2018-02-21 20:54:55,083|||main||||DEBUG|||||org.acumos.databroker.zipbroker.service.impl.ZipBrokerFileServiceImpl|| In getMIMEType method
2018-02-21 20:54:55,091|||main||||DEBUG|||||org.acumos.databroker.zipbroker.service.impl.ZipBrokerFileServiceImpl|| In generateZipReaderResult metod
2018-02-21 20:56:01,677|||main||||DEBUG|||||org.acumos.databroker.zipbroker.test.controller.ZipBrokerFileController|| In getZipBrokerProcessor method
2018-02-21 20:56:01,723|||main||||DEBUG|||||org.acumos.databroker.zipbroker.service.impl.ZipBrokerFileServiceImpl|| In getZipFile method
2018-02-21 20:56:02,055|||main||||DEBUG|||||org.acumos.databroker.zipbroker.service.impl.ZipBrokerFileServiceImpl|| In getUnzipFileFromInputStream method
2018-02-21 20:56:02,056|||main||||DEBUG|||||org.acumos.databroker.zipbroker.service.impl.ZipBrokerFileServiceImpl|| In getMIMEType method
2018-02-21 20:56:02,060|||main||||DEBUG|||||org.acumos.databroker.zipbroker.service.impl.ZipBrokerFileServiceImpl|| In getMIMEType method
2018-02-21 20:56:02,062|||main||||DEBUG|||||org.acumos.databroker.zipbroker.service.impl.ZipBrokerFileServiceImpl|| In getMIMEType method
2018-02-21 20:56:02,249|||main||||DEBUG|||||org.acumos.databroker.zipbroker.service.impl.ZipBrokerFileServiceImpl|| In getMIMEType method
2018-02-21 20:56:02,356|||main||||DEBUG|||||org.acumos.databroker.zipbroker.service.impl.ZipBrokerFileServiceImpl|| In getMIMEType method
2018-02-21 20:56:02,366|||main||||DEBUG|||||org.acumos.databroker.zipbroker.service.impl.ZipBrokerFileServiceImpl|| In getMIMEType method
2018-02-21 20:56:02,508|||main||||DEBUG|||||org.acumos.databroker.zipbroker.service.impl.ZipBrokerFileServiceImpl|| In getMIMEType method
2018-02-21 20:56:02,661|||main||||DEBUG|||||org.acumos.databroker.zipbroker.service.impl.ZipBrokerFileServiceImpl|| In getMIMEType method
2018-02-21 20:56:02,678|||main||||DEBUG|||||org.acumos.databroker.zipbroker.service.impl.ZipBrokerFileServiceImpl|| In getMIMEType method
2018-02-21 20:56:02,696|||main||||DEBUG|||||org.acumos.databroker.zipbroker.service.impl.ZipBrokerFileServiceImpl|| In getMIMEType method
2018-02-21 20:56:02,808|||main||||DEBUG|||||org.acumos.databroker.zipbroker.service.impl.ZipBrokerFileServiceImpl|| In getMIMEType method
2018-02-21 20:56:02,828|||main||||DEBUG|||||org.acumos.databroker.zipbroker.service.impl.ZipBrokerFileServiceImpl|| In getMIMEType method
2018-02-21 20:56:02,844|||main||||DEBUG|||||org.acumos.databroker.zipbroker.service.impl.ZipBrokerFileServiceImpl|| In getMIMEType method
2018-02-21 20:56:02,860|||main||||DEBUG|||||org.acumos.databroker.zipbroker.service.impl.ZipBrokerFileServiceImpl|| In getMIMEType method
2018-02-21 20:56:02,881|||main||||DEBUG|||||org.acumos.databroker.zipbroker.service.impl.ZipBrokerFileServiceImpl|| In getMIMEType method
2018-02-21 20:56:02,898|||main||||DEBUG|||||org.acumos.databroker.zipbroker.service.impl.ZipBrokerFileServiceImpl|| In getMIMEType method
2018-02-21 20:56:02,912|||main||||DEBUG|||||org.acumos.databroker.zipbroker.service.impl.ZipBrokerFileServiceImpl|| In getMIMEType method
2018-02-21 20:56:02,970|||main||||DEBUG|||||org.acumos.databroker.zipbroker.service.impl.ZipBrokerFileServiceImpl|| In getMIMEType method
2018-02-21 20:56:02,979|||main||||DEBUG|||||org.acumos.databroker.zipbroker.service.impl.ZipBrokerFileServiceImpl|| In getMIMEType method
2018-02-21 20:56:02,991|||main||||DEBUG|||||org.acumos.databroker.zipbroker.service.impl.ZipBrokerFileServiceImpl|| In getMIMEType method
2018-02-21 20:56:03,001|||main||||DEBUG|||||org.acumos.databroker.zipbroker.service.impl.ZipBrokerFileServiceImpl|| In getMIMEType method
2018-02-21 20:56:03,013|||main||||DEBUG|||||org.acumos.databroker.zipbroker.service.impl.ZipBrokerFileServiceImpl|| In getMIMEType method
2018-02-21 20:56:03,026|||main||||DEBUG|||||org.acumos.databroker.zipbroker.service.impl.ZipBrokerFileServiceImpl|| In getMIMEType method
2018-02-21 20:56:03,035|||main||||DEBUG|||||org.acumos.databroker.zipbroker.service.impl.ZipBrokerFileServiceImpl|| In getMIMEType method
2018-02-21 20:56:03,044|||main||||DEBUG|||||org.acumos.databroker.zipbroker.service.impl.ZipBrokerFileServiceImpl|| In getMIMEType method
2018-02-21 20:56:03,053|||main||||DEBUG|||||org.acumos.databroker.zipbroker.service.impl.ZipBrokerFileServiceImpl|| In getMIMEType method
2018-02-21 20:56:03,062|||main||||DEBUG|||||org.acumos.databroker.zipbroker.service.impl.ZipBrokerFileServiceImpl|| In getMIMEType method
2018-02-21 20:56:03,075|||main||||DEBUG|||||org.acumos.databroker.zipbroker.service.impl.ZipBrokerFileServiceImpl|| In getMIMEType method
2018-02-21 20:56:03,082|||main||||DEBUG|||||org.acumos.databroker.zipbroker.service.impl.ZipBrokerFileServiceImpl|| In getMIMEType method
2018-02-21 20:56:03,088|||main||||DEBUG|||||org.acumos.databroker.zipbroker.service.impl.ZipBrokerFileServiceImpl|| In getMIMEType method
2018-02-21 20:56:03,098|||main||||DEBUG|||||org.acumos.databroker.zipbroker.service.impl.ZipBrokerFileServiceImpl|| In getMIMEType method
2018-02-21 20:56:03,109|||main||||DEBUG|||||org.acumos.databroker.zipbroker.service.impl.ZipBrokerFileServiceImpl|| In getMIMEType method
2018-02-21 20:56:03,114|||main||||DEBUG|||||org.acumos.databroker.zipbroker.service.impl.ZipBrokerFileServiceImpl|| In getMIMEType method
2018-02-21 20:56:03,123|||main||||DEBUG|||||org.acumos.databroker.zipbroker.service.impl.ZipBrokerFileServiceImpl|| In getMIMEType method
2018-02-21 20:56:03,132|||main||||DEBUG|||||org.acumos.databroker.zipbroker.service.impl.ZipBrokerFileServiceImpl|| In getMIMEType method
2018-02-21 20:56:03,140|||main||||DEBUG|||||org.acumos.databroker.zipbroker.service.impl.ZipBrokerFileServiceImpl|| In getMIMEType method
2018-02-21 20:56:03,146|||main||||DEBUG|||||org.acumos.databroker.zipbroker.service.impl.ZipBrokerFileServiceImpl|| In getMIMEType method
2018-02-21 20:56:03,152|||main||||DEBUG|||||org.acumos.databroker.zipbroker.service.impl.ZipBrokerFileServiceImpl|| In getMIMEType method
2018-02-21 20:56:35,759|||main||||DEBUG|||||org.acumos.databroker.zipbroker.service.impl.ZipBrokerFileServiceImpl|| In generateZipReaderResult metod
2018-02-21 21:07:19,223|||main||||DEBUG|||||org.acumos.databroker.zipbroker.test.service.impl.ZipBrokerServiceImpl|| In getZipFileFromURL
2018-02-21 21:07:19,226|||main||||DEBUG|||||org.acumos.databroker.zipbroker.service.impl.ZipBrokerFileServiceImpl|| In getZipFile method
2018-02-21 21:07:19,668|||main||||DEBUG|||||org.acumos.databroker.zipbroker.service.impl.ZipBrokerFileServiceImpl|| In getUnzipFileFromInputStream method
2018-02-21 21:07:19,670|||main||||DEBUG|||||org.acumos.databroker.zipbroker.service.impl.ZipBrokerFileServiceImpl|| In getMIMEType method
2018-02-21 21:07:19,680|||main||||DEBUG|||||org.acumos.databroker.zipbroker.service.impl.ZipBrokerFileServiceImpl|| In getMIMEType method
2018-02-21 21:07:19,684|||main||||DEBUG|||||org.acumos.databroker.zipbroker.service.impl.ZipBrokerFileServiceImpl|| In getMIMEType method
2018-02-21 21:07:19,936|||main||||DEBUG|||||org.acumos.databroker.zipbroker.service.impl.ZipBrokerFileServiceImpl|| In getMIMEType method
2018-02-21 21:07:20,092|||main||||DEBUG|||||org.acumos.databroker.zipbroker.service.impl.ZipBrokerFileServiceImpl|| In getMIMEType method
2018-02-21 21:07:20,110|||main||||DEBUG|||||org.acumos.databroker.zipbroker.service.impl.ZipBrokerFileServiceImpl|| In getMIMEType method
2018-02-21 21:07:20,298|||main||||DEBUG|||||org.acumos.databroker.zipbroker.service.impl.ZipBrokerFileServiceImpl|| In getMIMEType method
2018-02-21 21:07:20,315|||main||||DEBUG|||||org.acumos.databroker.zipbroker.service.impl.ZipBrokerFileServiceImpl|| In getMIMEType method
2018-02-21 21:07:20,500|||main||||DEBUG|||||org.acumos.databroker.zipbroker.service.impl.ZipBrokerFileServiceImpl|| In getMIMEType method
2018-02-21 21:07:20,516|||main||||DEBUG|||||org.acumos.databroker.zipbroker.service.impl.ZipBrokerFileServiceImpl|| In getMIMEType method
2018-02-21 21:07:20,705|||main||||DEBUG|||||org.acumos.databroker.zipbroker.service.impl.ZipBrokerFileServiceImpl|| In getMIMEType method
2018-02-21 21:07:20,721|||main||||DEBUG|||||org.acumos.databroker.zipbroker.service.impl.ZipBrokerFileServiceImpl|| In getMIMEType method
2018-02-21 21:07:20,731|||main||||DEBUG|||||org.acumos.databroker.zipbroker.service.impl.ZipBrokerFileServiceImpl|| In getMIMEType method
2018-02-21 21:07:20,741|||main||||DEBUG|||||org.acumos.databroker.zipbroker.service.impl.ZipBrokerFileServiceImpl|| In getMIMEType method
2018-02-21 21:07:20,748|||main||||DEBUG|||||org.acumos.databroker.zipbroker.service.impl.ZipBrokerFileServiceImpl|| In getMIMEType method
2018-02-21 21:07:20,755|||main||||DEBUG|||||org.acumos.databroker.zipbroker.service.impl.ZipBrokerFileServiceImpl|| In getMIMEType method
2018-02-21 21:07:20,763|||main||||DEBUG|||||org.acumos.databroker.zipbroker.service.impl.ZipBrokerFileServiceImpl|| In getMIMEType method
2018-02-21 21:07:20,910|||main||||DEBUG|||||org.acumos.databroker.zipbroker.service.impl.ZipBrokerFileServiceImpl|| In getMIMEType method
2018-02-21 21:07:20,926|||main||||DEBUG|||||org.acumos.databroker.zipbroker.service.impl.ZipBrokerFileServiceImpl|| In getMIMEType method
2018-02-21 21:07:20,938|||main||||DEBUG|||||org.acumos.databroker.zipbroker.service.impl.ZipBrokerFileServiceImpl|| In getMIMEType method
2018-02-21 21:07:20,944|||main||||DEBUG|||||org.acumos.databroker.zipbroker.service.impl.ZipBrokerFileServiceImpl|| In getMIMEType method
2018-02-21 21:07:20,950|||main||||DEBUG|||||org.acumos.databroker.zipbroker.service.impl.ZipBrokerFileServiceImpl|| In getMIMEType method
2018-02-21 21:07:20,955|||main||||DEBUG|||||org.acumos.databroker.zipbroker.service.impl.ZipBrokerFileServiceImpl|| In getMIMEType method
2018-02-21 21:07:20,959|||main||||DEBUG|||||org.acumos.databroker.zipbroker.service.impl.ZipBrokerFileServiceImpl|| In getMIMEType method
2018-02-21 21:07:20,964|||main||||DEBUG|||||org.acumos.databroker.zipbroker.service.impl.ZipBrokerFileServiceImpl|| In getMIMEType method
2018-02-21 21:07:20,968|||main||||DEBUG|||||org.acumos.databroker.zipbroker.service.impl.ZipBrokerFileServiceImpl|| In getMIMEType method
2018-02-21 21:07:20,975|||main||||DEBUG|||||org.acumos.databroker.zipbroker.service.impl.ZipBrokerFileServiceImpl|| In getMIMEType method
2018-02-21 21:07:20,981|||main||||DEBUG|||||org.acumos.databroker.zipbroker.service.impl.ZipBrokerFileServiceImpl|| In getMIMEType method
2018-02-21 21:07:20,985|||main||||DEBUG|||||org.acumos.databroker.zipbroker.service.impl.ZipBrokerFileServiceImpl|| In getMIMEType method
2018-02-21 21:07:20,991|||main||||DEBUG|||||org.acumos.databroker.zipbroker.service.impl.ZipBrokerFileServiceImpl|| In getMIMEType method
2018-02-21 21:07:20,997|||main||||DEBUG|||||org.acumos.databroker.zipbroker.service.impl.ZipBrokerFileServiceImpl|| In getMIMEType method
2018-02-21 21:07:21,113|||main||||DEBUG|||||org.acumos.databroker.zipbroker.service.impl.ZipBrokerFileServiceImpl|| In getMIMEType method
2018-02-21 21:07:21,129|||main||||DEBUG|||||org.acumos.databroker.zipbroker.service.impl.ZipBrokerFileServiceImpl|| In getMIMEType method
2018-02-21 21:07:21,144|||main||||DEBUG|||||org.acumos.databroker.zipbroker.service.impl.ZipBrokerFileServiceImpl|| In getMIMEType method
2018-02-21 21:07:21,163|||main||||DEBUG|||||org.acumos.databroker.zipbroker.service.impl.ZipBrokerFileServiceImpl|| In getMIMEType method
2018-02-21 21:07:21,175|||main||||DEBUG|||||org.acumos.databroker.zipbroker.service.impl.ZipBrokerFileServiceImpl|| In getMIMEType method
2018-02-21 21:07:21,182|||main||||DEBUG|||||org.acumos.databroker.zipbroker.service.impl.ZipBrokerFileServiceImpl|| In getMIMEType method
2018-02-21 21:07:21,189|||main||||DEBUG|||||org.acumos.databroker.zipbroker.service.impl.ZipBrokerFileServiceImpl|| In getMIMEType method
2018-02-21 21:07:21,212|||main||||DEBUG|||||org.acumos.databroker.zipbroker.test.controller.ZipBrokerFileController|| In getZipBrokerProcessor method
2018-02-21 21:07:21,325|||main||||DEBUG|||||org.acumos.databroker.zipbroker.service.impl.ZipBrokerFileServiceImpl|| In getZipFile method
2018-02-21 21:07:21,717|||main||||DEBUG|||||org.acumos.databroker.zipbroker.service.impl.ZipBrokerFileServiceImpl|| In getUnzipFileFromInputStream method
2018-02-21 21:07:21,717|||main||||DEBUG|||||org.acumos.databroker.zipbroker.service.impl.ZipBrokerFileServiceImpl|| In getMIMEType method
2018-02-21 21:07:21,720|||main||||DEBUG|||||org.acumos.databroker.zipbroker.service.impl.ZipBrokerFileServiceImpl|| In getMIMEType method
2018-02-21 21:07:21,724|||main||||DEBUG|||||org.acumos.databroker.zipbroker.service.impl.ZipBrokerFileServiceImpl|| In getMIMEType method
2018-02-21 21:07:21,882|||main||||DEBUG|||||org.acumos.databroker.zipbroker.service.impl.ZipBrokerFileServiceImpl|| In getMIMEType method
2018-02-21 21:07:22,136|||main||||DEBUG|||||org.acumos.databroker.zipbroker.service.impl.ZipBrokerFileServiceImpl|| In getMIMEType method
2018-02-21 21:07:22,153|||main||||DEBUG|||||org.acumos.databroker.zipbroker.service.impl.ZipBrokerFileServiceImpl|| In getMIMEType method
2018-02-21 21:07:22,346|||main||||DEBUG|||||org.acumos.databroker.zipbroker.service.impl.ZipBrokerFileServiceImpl|| In getMIMEType method
2018-02-21 21:07:22,361|||main||||DEBUG|||||org.acumos.databroker.zipbroker.service.impl.ZipBrokerFileServiceImpl|| In getMIMEType method
2018-02-21 21:07:22,549|||main||||DEBUG|||||org.acumos.databroker.zipbroker.service.impl.ZipBrokerFileServiceImpl|| In getMIMEType method
2018-02-21 21:07:22,565|||main||||DEBUG|||||org.acumos.databroker.zipbroker.service.impl.ZipBrokerFileServiceImpl|| In getMIMEType method
2018-02-21 21:07:22,749|||main||||DEBUG|||||org.acumos.databroker.zipbroker.service.impl.ZipBrokerFileServiceImpl|| In getMIMEType method
2018-02-21 21:07:22,765|||main||||DEBUG|||||org.acumos.databroker.zipbroker.service.impl.ZipBrokerFileServiceImpl|| In getMIMEType method
2018-02-21 21:07:22,776|||main||||DEBUG|||||org.acumos.databroker.zipbroker.service.impl.ZipBrokerFileServiceImpl|| In getMIMEType method
2018-02-21 21:07:22,956|||main||||DEBUG|||||org.acumos.databroker.zipbroker.service.impl.ZipBrokerFileServiceImpl|| In getMIMEType method
2018-02-21 21:07:22,973|||main||||DEBUG|||||org.acumos.databroker.zipbroker.service.impl.ZipBrokerFileServiceImpl|| In getMIMEType method
2018-02-21 21:07:23,163|||main||||DEBUG|||||org.acumos.databroker.zipbroker.service.impl.ZipBrokerFileServiceImpl|| In getMIMEType method
2018-02-21 21:07:23,181|||main||||DEBUG|||||org.acumos.databroker.zipbroker.service.impl.ZipBrokerFileServiceImpl|| In getMIMEType method
2018-02-21 21:07:23,370|||main||||DEBUG|||||org.acumos.databroker.zipbroker.service.impl.ZipBrokerFileServiceImpl|| In getMIMEType method
2018-02-21 21:07:23,387|||main||||DEBUG|||||org.acumos.databroker.zipbroker.service.impl.ZipBrokerFileServiceImpl|| In getMIMEType method
2018-02-21 21:07:23,402|||main||||DEBUG|||||org.acumos.databroker.zipbroker.service.impl.ZipBrokerFileServiceImpl|| In getMIMEType method
2018-02-21 21:07:23,558|||main||||DEBUG|||||org.acumos.databroker.zipbroker.service.impl.ZipBrokerFileServiceImpl|| In getMIMEType method
2018-02-21 21:07:23,576|||main||||DEBUG|||||org.acumos.databroker.zipbroker.service.impl.ZipBrokerFileServiceImpl|| In getMIMEType method
2018-02-21 21:07:23,589|||main||||DEBUG|||||org.acumos.databroker.zipbroker.service.impl.ZipBrokerFileServiceImpl|| In getMIMEType method
2018-02-21 21:07:23,771|||main||||DEBUG|||||org.acumos.databroker.zipbroker.service.impl.ZipBrokerFileServiceImpl|| In getMIMEType method
2018-02-21 21:07:23,785|||main||||DEBUG|||||org.acumos.databroker.zipbroker.service.impl.ZipBrokerFileServiceImpl|| In getMIMEType method
2018-02-21 21:07:23,979|||main||||DEBUG|||||org.acumos.databroker.zipbroker.service.impl.ZipBrokerFileServiceImpl|| In getMIMEType method
2018-02-21 21:07:23,992|||main||||DEBUG|||||org.acumos.databroker.zipbroker.service.impl.ZipBrokerFileServiceImpl|| In getMIMEType method
2018-02-21 21:07:24,191|||main||||DEBUG|||||org.acumos.databroker.zipbroker.service.impl.ZipBrokerFileServiceImpl|| In getMIMEType method
2018-02-21 21:07:24,209|||main||||DEBUG|||||org.acumos.databroker.zipbroker.service.impl.ZipBrokerFileServiceImpl|| In getMIMEType method
2018-02-21 21:07:24,217|||main||||DEBUG|||||org.acumos.databroker.zipbroker.service.impl.ZipBrokerFileServiceImpl|| In getMIMEType method
2018-02-21 21:07:24,398|||main||||DEBUG|||||org.acumos.databroker.zipbroker.service.impl.ZipBrokerFileServiceImpl|| In getMIMEType method
2018-02-21 21:07:24,412|||main||||DEBUG|||||org.acumos.databroker.zipbroker.service.impl.ZipBrokerFileServiceImpl|| In getMIMEType method
2018-02-21 21:07:24,594|||main||||DEBUG|||||org.acumos.databroker.zipbroker.service.impl.ZipBrokerFileServiceImpl|| In getMIMEType method
2018-02-21 21:07:24,608|||main||||DEBUG|||||org.acumos.databroker.zipbroker.service.impl.ZipBrokerFileServiceImpl|| In getMIMEType method
2018-02-21 21:07:24,619|||main||||DEBUG|||||org.acumos.databroker.zipbroker.service.impl.ZipBrokerFileServiceImpl|| In getMIMEType method
2018-02-21 21:07:24,805|||main||||DEBUG|||||org.acumos.databroker.zipbroker.service.impl.ZipBrokerFileServiceImpl|| In getMIMEType method
2018-02-21 21:07:24,820|||main||||DEBUG|||||org.acumos.databroker.zipbroker.service.impl.ZipBrokerFileServiceImpl|| In getMIMEType method
2018-02-21 21:07:25,004|||main||||DEBUG|||||org.acumos.databroker.zipbroker.service.impl.ZipBrokerFileServiceImpl|| In getMIMEType method
2018-02-21 21:07:25,024|||main||||DEBUG|||||org.acumos.databroker.zipbroker.service.impl.ZipBrokerFileServiceImpl|| In generateZipReaderResult metod
2018-02-21 21:09:13,330|||main||||DEBUG|||||org.acumos.databroker.zipbroker.test.service.impl.ZipBrokerServiceImpl|| In getZipFileFromURL
2018-02-21 21:09:13,332|||main||||DEBUG|||||org.acumos.databroker.zipbroker.service.impl.ZipBrokerFileServiceImpl|| In getZipFile method
2018-02-21 21:09:13,743|||main||||DEBUG|||||org.acumos.databroker.zipbroker.service.impl.ZipBrokerFileServiceImpl|| In getUnzipFileFromInputStream method
2018-02-21 21:09:13,744|||main||||DEBUG|||||org.acumos.databroker.zipbroker.service.impl.ZipBrokerFileServiceImpl|| In getMIMEType method
2018-02-21 21:09:13,754|||main||||DEBUG|||||org.acumos.databroker.zipbroker.service.impl.ZipBrokerFileServiceImpl|| In getMIMEType method
2018-02-21 21:09:13,758|||main||||DEBUG|||||org.acumos.databroker.zipbroker.service.impl.ZipBrokerFileServiceImpl|| In getMIMEType method
2018-02-21 21:09:14,024|||main||||DEBUG|||||org.acumos.databroker.zipbroker.service.impl.ZipBrokerFileServiceImpl|| In getMIMEType method
2018-02-21 21:09:14,169|||main||||DEBUG|||||org.acumos.databroker.zipbroker.service.impl.ZipBrokerFileServiceImpl|| In getMIMEType method
2018-02-21 21:09:14,187|||main||||DEBUG|||||org.acumos.databroker.zipbroker.service.impl.ZipBrokerFileServiceImpl|| In getMIMEType method
2018-02-21 21:09:14,375|||main||||DEBUG|||||org.acumos.databroker.zipbroker.service.impl.ZipBrokerFileServiceImpl|| In getMIMEType method
2018-02-21 21:09:14,395|||main||||DEBUG|||||org.acumos.databroker.zipbroker.service.impl.ZipBrokerFileServiceImpl|| In getMIMEType method
2018-02-21 21:09:14,576|||main||||DEBUG|||||org.acumos.databroker.zipbroker.service.impl.ZipBrokerFileServiceImpl|| In getMIMEType method
2018-02-21 21:09:14,596|||main||||DEBUG|||||org.acumos.databroker.zipbroker.service.impl.ZipBrokerFileServiceImpl|| In getMIMEType method
2018-02-21 21:09:14,780|||main||||DEBUG|||||org.acumos.databroker.zipbroker.service.impl.ZipBrokerFileServiceImpl|| In getMIMEType method
2018-02-21 21:09:14,806|||main||||DEBUG|||||org.acumos.databroker.zipbroker.service.impl.ZipBrokerFileServiceImpl|| In getMIMEType method
2018-02-21 21:09:14,815|||main||||DEBUG|||||org.acumos.databroker.zipbroker.service.impl.ZipBrokerFileServiceImpl|| In getMIMEType method
2018-02-21 21:09:14,823|||main||||DEBUG|||||org.acumos.databroker.zipbroker.service.impl.ZipBrokerFileServiceImpl|| In getMIMEType method
2018-02-21 21:09:14,831|||main||||DEBUG|||||org.acumos.databroker.zipbroker.service.impl.ZipBrokerFileServiceImpl|| In getMIMEType method
2018-02-21 21:09:14,837|||main||||DEBUG|||||org.acumos.databroker.zipbroker.service.impl.ZipBrokerFileServiceImpl|| In getMIMEType method
2018-02-21 21:09:14,846|||main||||DEBUG|||||org.acumos.databroker.zipbroker.service.impl.ZipBrokerFileServiceImpl|| In getMIMEType method
2018-02-21 21:09:14,986|||main||||DEBUG|||||org.acumos.databroker.zipbroker.service.impl.ZipBrokerFileServiceImpl|| In getMIMEType method
2018-02-21 21:09:15,001|||main||||DEBUG|||||org.acumos.databroker.zipbroker.service.impl.ZipBrokerFileServiceImpl|| In getMIMEType method
2018-02-21 21:09:15,018|||main||||DEBUG|||||org.acumos.databroker.zipbroker.service.impl.ZipBrokerFileServiceImpl|| In getMIMEType method
2018-02-21 21:09:15,034|||main||||DEBUG|||||org.acumos.databroker.zipbroker.service.impl.ZipBrokerFileServiceImpl|| In getMIMEType method
2018-02-21 21:09:15,051|||main||||DEBUG|||||org.acumos.databroker.zipbroker.service.impl.ZipBrokerFileServiceImpl|| In getMIMEType method
2018-02-21 21:09:15,062|||main||||DEBUG|||||org.acumos.databroker.zipbroker.service.impl.ZipBrokerFileServiceImpl|| In getMIMEType method
2018-02-21 21:09:15,069|||main||||DEBUG|||||org.acumos.databroker.zipbroker.service.impl.ZipBrokerFileServiceImpl|| In getMIMEType method
2018-02-21 21:09:15,076|||main||||DEBUG|||||org.acumos.databroker.zipbroker.service.impl.ZipBrokerFileServiceImpl|| In getMIMEType method
2018-02-21 21:09:15,085|||main||||DEBUG|||||org.acumos.databroker.zipbroker.service.impl.ZipBrokerFileServiceImpl|| In getMIMEType method
2018-02-21 21:09:15,091|||main||||DEBUG|||||org.acumos.databroker.zipbroker.service.impl.ZipBrokerFileServiceImpl|| In getMIMEType method
2018-02-21 21:09:15,097|||main||||DEBUG|||||org.acumos.databroker.zipbroker.service.impl.ZipBrokerFileServiceImpl|| In getMIMEType method
2018-02-21 21:09:15,102|||main||||DEBUG|||||org.acumos.databroker.zipbroker.service.impl.ZipBrokerFileServiceImpl|| In getMIMEType method
2018-02-21 21:09:15,106|||main||||DEBUG|||||org.acumos.databroker.zipbroker.service.impl.ZipBrokerFileServiceImpl|| In getMIMEType method
2018-02-21 21:09:15,135|||main||||DEBUG|||||org.acumos.databroker.zipbroker.service.impl.ZipBrokerFileServiceImpl|| In getMIMEType method
2018-02-21 21:09:15,154|||main||||DEBUG|||||org.acumos.databroker.zipbroker.service.impl.ZipBrokerFileServiceImpl|| In getMIMEType method
2018-02-21 21:09:15,168|||main||||DEBUG|||||org.acumos.databroker.zipbroker.service.impl.ZipBrokerFileServiceImpl|| In getMIMEType method
2018-02-21 21:09:15,184|||main||||DEBUG|||||org.acumos.databroker.zipbroker.service.impl.ZipBrokerFileServiceImpl|| In getMIMEType method
2018-02-21 21:09:15,200|||main||||DEBUG|||||org.acumos.databroker.zipbroker.service.impl.ZipBrokerFileServiceImpl|| In getMIMEType method
2018-02-21 21:09:15,217|||main||||DEBUG|||||org.acumos.databroker.zipbroker.service.impl.ZipBrokerFileServiceImpl|| In getMIMEType method
2018-02-21 21:09:15,227|||main||||DEBUG|||||org.acumos.databroker.zipbroker.service.impl.ZipBrokerFileServiceImpl|| In getMIMEType method
2018-02-21 21:09:15,238|||main||||DEBUG|||||org.acumos.databroker.zipbroker.service.impl.ZipBrokerFileServiceImpl|| In getMIMEType method
2018-02-21 21:09:15,257|||main||||DEBUG|||||org.acumos.databroker.zipbroker.test.controller.ZipBrokerFileController|| In getZipBrokerProcessor method
2018-02-21 21:09:15,392|||main||||DEBUG|||||org.acumos.databroker.zipbroker.service.impl.ZipBrokerFileServiceImpl|| In getZipFile method
2018-02-21 21:09:15,793|||main||||DEBUG|||||org.acumos.databroker.zipbroker.service.impl.ZipBrokerFileServiceImpl|| In getUnzipFileFromInputStream method
2018-02-21 21:09:15,793|||main||||DEBUG|||||org.acumos.databroker.zipbroker.service.impl.ZipBrokerFileServiceImpl|| In getMIMEType method
2018-02-21 21:09:15,797|||main||||DEBUG|||||org.acumos.databroker.zipbroker.service.impl.ZipBrokerFileServiceImpl|| In getMIMEType method
2018-02-21 21:09:15,800|||main||||DEBUG|||||org.acumos.databroker.zipbroker.service.impl.ZipBrokerFileServiceImpl|| In getMIMEType method
2018-02-21 21:09:16,007|||main||||DEBUG|||||org.acumos.databroker.zipbroker.service.impl.ZipBrokerFileServiceImpl|| In getMIMEType method
2018-02-21 21:09:16,212|||main||||DEBUG|||||org.acumos.databroker.zipbroker.service.impl.ZipBrokerFileServiceImpl|| In getMIMEType method
2018-02-21 21:09:16,228|||main||||DEBUG|||||org.acumos.databroker.zipbroker.service.impl.ZipBrokerFileServiceImpl|| In getMIMEType method
2018-02-21 21:09:16,418|||main||||DEBUG|||||org.acumos.databroker.zipbroker.service.impl.ZipBrokerFileServiceImpl|| In getMIMEType method
2018-02-21 21:09:16,436|||main||||DEBUG|||||org.acumos.databroker.zipbroker.service.impl.ZipBrokerFileServiceImpl|| In getMIMEType method
2018-02-21 21:09:16,621|||main||||DEBUG|||||org.acumos.databroker.zipbroker.service.impl.ZipBrokerFileServiceImpl|| In getMIMEType method
2018-02-21 21:09:16,638|||main||||DEBUG|||||org.acumos.databroker.zipbroker.service.impl.ZipBrokerFileServiceImpl|| In getMIMEType method
2018-02-21 21:09:16,835|||main||||DEBUG|||||org.acumos.databroker.zipbroker.service.impl.ZipBrokerFileServiceImpl|| In getMIMEType method
2018-02-21 21:09:16,855|||main||||DEBUG|||||org.acumos.databroker.zipbroker.service.impl.ZipBrokerFileServiceImpl|| In getMIMEType method
2018-02-21 21:09:16,866|||main||||DEBUG|||||org.acumos.databroker.zipbroker.service.impl.ZipBrokerFileServiceImpl|| In getMIMEType method
2018-02-21 21:09:17,032|||main||||DEBUG|||||org.acumos.databroker.zipbroker.service.impl.ZipBrokerFileServiceImpl|| In getMIMEType method
2018-02-21 21:09:17,048|||main||||DEBUG|||||org.acumos.databroker.zipbroker.service.impl.ZipBrokerFileServiceImpl|| In getMIMEType method
2018-02-21 21:09:17,239|||main||||DEBUG|||||org.acumos.databroker.zipbroker.service.impl.ZipBrokerFileServiceImpl|| In getMIMEType method
2018-02-21 21:09:17,257|||main||||DEBUG|||||org.acumos.databroker.zipbroker.service.impl.ZipBrokerFileServiceImpl|| In getMIMEType method
2018-02-21 21:09:17,266|||main||||DEBUG|||||org.acumos.databroker.zipbroker.service.impl.ZipBrokerFileServiceImpl|| In getMIMEType method
2018-02-21 21:09:17,273|||main||||DEBUG|||||org.acumos.databroker.zipbroker.service.impl.ZipBrokerFileServiceImpl|| In getMIMEType method
2018-02-21 21:09:17,278|||main||||DEBUG|||||org.acumos.databroker.zipbroker.service.impl.ZipBrokerFileServiceImpl|| In getMIMEType method
2018-02-21 21:09:17,282|||main||||DEBUG|||||org.acumos.databroker.zipbroker.service.impl.ZipBrokerFileServiceImpl|| In getMIMEType method
2018-02-21 21:09:17,287|||main||||DEBUG|||||org.acumos.databroker.zipbroker.service.impl.ZipBrokerFileServiceImpl|| In getMIMEType method
2018-02-21 21:09:17,441|||main||||DEBUG|||||org.acumos.databroker.zipbroker.service.impl.ZipBrokerFileServiceImpl|| In getMIMEType method
2018-02-21 21:09:17,457|||main||||DEBUG|||||org.acumos.databroker.zipbroker.service.impl.ZipBrokerFileServiceImpl|| In getMIMEType method
2018-02-21 21:09:17,474|||main||||DEBUG|||||org.acumos.databroker.zipbroker.service.impl.ZipBrokerFileServiceImpl|| In getMIMEType method
2018-02-21 21:09:17,484|||main||||DEBUG|||||org.acumos.databroker.zipbroker.service.impl.ZipBrokerFileServiceImpl|| In getMIMEType method
2018-02-21 21:09:17,490|||main||||DEBUG|||||org.acumos.databroker.zipbroker.service.impl.ZipBrokerFileServiceImpl|| In getMIMEType method
2018-02-21 21:09:17,497|||main||||DEBUG|||||org.acumos.databroker.zipbroker.service.impl.ZipBrokerFileServiceImpl|| In getMIMEType method
2018-02-21 21:09:17,502|||main||||DEBUG|||||org.acumos.databroker.zipbroker.service.impl.ZipBrokerFileServiceImpl|| In getMIMEType method
2018-02-21 21:09:17,507|||main||||DEBUG|||||org.acumos.databroker.zipbroker.service.impl.ZipBrokerFileServiceImpl|| In getMIMEType method
2018-02-21 21:09:17,513|||main||||DEBUG|||||org.acumos.databroker.zipbroker.service.impl.ZipBrokerFileServiceImpl|| In getMIMEType method
2018-02-21 21:09:17,517|||main||||DEBUG|||||org.acumos.databroker.zipbroker.service.impl.ZipBrokerFileServiceImpl|| In getMIMEType method
2018-02-21 21:09:17,520|||main||||DEBUG|||||org.acumos.databroker.zipbroker.service.impl.ZipBrokerFileServiceImpl|| In getMIMEType method
2018-02-21 21:09:17,524|||main||||DEBUG|||||org.acumos.databroker.zipbroker.service.impl.ZipBrokerFileServiceImpl|| In getMIMEType method
2018-02-21 21:09:17,646|||main||||DEBUG|||||org.acumos.databroker.zipbroker.service.impl.ZipBrokerFileServiceImpl|| In getMIMEType method
2018-02-21 21:09:17,665|||main||||DEBUG|||||org.acumos.databroker.zipbroker.service.impl.ZipBrokerFileServiceImpl|| In getMIMEType method
2018-02-21 21:09:17,680|||main||||DEBUG|||||org.acumos.databroker.zipbroker.service.impl.ZipBrokerFileServiceImpl|| In getMIMEType method
2018-02-21 21:09:17,690|||main||||DEBUG|||||org.acumos.databroker.zipbroker.service.impl.ZipBrokerFileServiceImpl|| In getMIMEType method
2018-02-21 21:09:17,704|||main||||DEBUG|||||org.acumos.databroker.zipbroker.service.impl.ZipBrokerFileServiceImpl|| In generateZipReaderResult metod
2018-02-21 21:11:57,349|||main||||DEBUG|||||org.acumos.databroker.zipbroker.test.service.impl.ZipBrokerServiceImpl|| In getZipFileFromURL
2018-02-21 21:11:57,351|||main||||DEBUG|||||org.acumos.databroker.zipbroker.service.impl.ZipBrokerFileServiceImpl|| In getZipFile method
2018-02-21 21:11:57,789|||main||||DEBUG|||||org.acumos.databroker.zipbroker.service.impl.ZipBrokerFileServiceImpl|| In getUnzipFileFromInputStream method
2018-02-21 21:11:57,789|||main||||DEBUG|||||org.acumos.databroker.zipbroker.service.impl.ZipBrokerFileServiceImpl|| In getMIMEType method
2018-02-21 21:11:57,798|||main||||DEBUG|||||org.acumos.databroker.zipbroker.service.impl.ZipBrokerFileServiceImpl|| In getMIMEType method
2018-02-21 21:11:57,802|||main||||DEBUG|||||org.acumos.databroker.zipbroker.service.impl.ZipBrokerFileServiceImpl|| In getMIMEType method
2018-02-21 21:11:58,056|||main||||DEBUG|||||org.acumos.databroker.zipbroker.service.impl.ZipBrokerFileServiceImpl|| In getMIMEType method
2018-02-21 21:11:58,213|||main||||DEBUG|||||org.acumos.databroker.zipbroker.service.impl.ZipBrokerFileServiceImpl|| In getMIMEType method
2018-02-21 21:11:58,231|||main||||DEBUG|||||org.acumos.databroker.zipbroker.service.impl.ZipBrokerFileServiceImpl|| In getMIMEType method
2018-02-21 21:11:58,419|||main||||DEBUG|||||org.acumos.databroker.zipbroker.service.impl.ZipBrokerFileServiceImpl|| In getMIMEType method
2018-02-21 21:11:58,437|||main||||DEBUG|||||org.acumos.databroker.zipbroker.service.impl.ZipBrokerFileServiceImpl|| In getMIMEType method
2018-02-21 21:11:58,623|||main||||DEBUG|||||org.acumos.databroker.zipbroker.service.impl.ZipBrokerFileServiceImpl|| In getMIMEType method
2018-02-21 21:11:58,639|||main||||DEBUG|||||org.acumos.databroker.zipbroker.service.impl.ZipBrokerFileServiceImpl|| In getMIMEType method
2018-02-21 21:11:58,827|||main||||DEBUG|||||org.acumos.databroker.zipbroker.service.impl.ZipBrokerFileServiceImpl|| In getMIMEType method
2018-02-21 21:11:58,844|||main||||DEBUG|||||org.acumos.databroker.zipbroker.service.impl.ZipBrokerFileServiceImpl|| In getMIMEType method
2018-02-21 21:11:58,855|||main||||DEBUG|||||org.acumos.databroker.zipbroker.service.impl.ZipBrokerFileServiceImpl|| In getMIMEType method
2018-02-21 21:11:58,864|||main||||DEBUG|||||org.acumos.databroker.zipbroker.service.impl.ZipBrokerFileServiceImpl|| In getMIMEType method
2018-02-21 21:11:58,873|||main||||DEBUG|||||org.acumos.databroker.zipbroker.service.impl.ZipBrokerFileServiceImpl|| In getMIMEType method
2018-02-21 21:11:58,879|||main||||DEBUG|||||org.acumos.databroker.zipbroker.service.impl.ZipBrokerFileServiceImpl|| In getMIMEType method
2018-02-21 21:11:59,034|||main||||DEBUG|||||org.acumos.databroker.zipbroker.service.impl.ZipBrokerFileServiceImpl|| In getMIMEType method
2018-02-21 21:11:59,047|||main||||DEBUG|||||org.acumos.databroker.zipbroker.service.impl.ZipBrokerFileServiceImpl|| In getMIMEType method
2018-02-21 21:11:59,053|||main||||DEBUG|||||org.acumos.databroker.zipbroker.service.impl.ZipBrokerFileServiceImpl|| In getMIMEType method
2018-02-21 21:11:59,059|||main||||DEBUG|||||org.acumos.databroker.zipbroker.service.impl.ZipBrokerFileServiceImpl|| In getMIMEType method
2018-02-21 21:11:59,065|||main||||DEBUG|||||org.acumos.databroker.zipbroker.service.impl.ZipBrokerFileServiceImpl|| In getMIMEType method
2018-02-21 21:11:59,072|||main||||DEBUG|||||org.acumos.databroker.zipbroker.service.impl.ZipBrokerFileServiceImpl|| In getMIMEType method
2018-02-21 21:11:59,075|||main||||DEBUG|||||org.acumos.databroker.zipbroker.service.impl.ZipBrokerFileServiceImpl|| In getMIMEType method
2018-02-21 21:11:59,080|||main||||DEBUG|||||org.acumos.databroker.zipbroker.service.impl.ZipBrokerFileServiceImpl|| In getMIMEType method
2018-02-21 21:11:59,085|||main||||DEBUG|||||org.acumos.databroker.zipbroker.service.impl.ZipBrokerFileServiceImpl|| In getMIMEType method
2018-02-21 21:11:59,091|||main||||DEBUG|||||org.acumos.databroker.zipbroker.service.impl.ZipBrokerFileServiceImpl|| In getMIMEType method
2018-02-21 21:11:59,098|||main||||DEBUG|||||org.acumos.databroker.zipbroker.service.impl.ZipBrokerFileServiceImpl|| In getMIMEType method
2018-02-21 21:11:59,102|||main||||DEBUG|||||org.acumos.databroker.zipbroker.service.impl.ZipBrokerFileServiceImpl|| In getMIMEType method
2018-02-21 21:11:59,107|||main||||DEBUG|||||org.acumos.databroker.zipbroker.service.impl.ZipBrokerFileServiceImpl|| In getMIMEType method
2018-02-21 21:11:59,112|||main||||DEBUG|||||org.acumos.databroker.zipbroker.service.impl.ZipBrokerFileServiceImpl|| In getMIMEType method
2018-02-21 21:11:59,234|||main||||DEBUG|||||org.acumos.databroker.zipbroker.service.impl.ZipBrokerFileServiceImpl|| In getMIMEType method
2018-02-21 21:11:59,250|||main||||DEBUG|||||org.acumos.databroker.zipbroker.service.impl.ZipBrokerFileServiceImpl|| In getMIMEType method
2018-02-21 21:11:59,259|||main||||DEBUG|||||org.acumos.databroker.zipbroker.service.impl.ZipBrokerFileServiceImpl|| In getMIMEType method
2018-02-21 21:11:59,266|||main||||DEBUG|||||org.acumos.databroker.zipbroker.service.impl.ZipBrokerFileServiceImpl|| In getMIMEType method
2018-02-21 21:11:59,274|||main||||DEBUG|||||org.acumos.databroker.zipbroker.service.impl.ZipBrokerFileServiceImpl|| In getMIMEType method
2018-02-21 21:11:59,283|||main||||DEBUG|||||org.acumos.databroker.zipbroker.service.impl.ZipBrokerFileServiceImpl|| In getMIMEType method
2018-02-21 21:11:59,288|||main||||DEBUG|||||org.acumos.databroker.zipbroker.service.impl.ZipBrokerFileServiceImpl|| In getMIMEType method
2018-02-21 21:11:59,293|||main||||DEBUG|||||org.acumos.databroker.zipbroker.service.impl.ZipBrokerFileServiceImpl|| In getMIMEType method
2018-02-21 21:11:59,307|||main||||DEBUG|||||org.acumos.databroker.zipbroker.test.controller.ZipBrokerFileController|| In getZipBrokerProcessor method
2018-02-21 21:11:59,435|||main||||DEBUG|||||org.acumos.databroker.zipbroker.service.impl.ZipBrokerFileServiceImpl|| In getZipFile method
2018-02-21 21:11:59,836|||main||||DEBUG|||||org.acumos.databroker.zipbroker.service.impl.ZipBrokerFileServiceImpl|| In getUnzipFileFromInputStream method
2018-02-21 21:11:59,837|||main||||DEBUG|||||org.acumos.databroker.zipbroker.service.impl.ZipBrokerFileServiceImpl|| In getMIMEType method
2018-02-21 21:11:59,841|||main||||DEBUG|||||org.acumos.databroker.zipbroker.service.impl.ZipBrokerFileServiceImpl|| In getMIMEType method
2018-02-21 21:11:59,845|||main||||DEBUG|||||org.acumos.databroker.zipbroker.service.impl.ZipBrokerFileServiceImpl|| In getMIMEType method
2018-02-21 21:12:00,054|||main||||DEBUG|||||org.acumos.databroker.zipbroker.service.impl.ZipBrokerFileServiceImpl|| In getMIMEType method
2018-02-21 21:12:00,258|||main||||DEBUG|||||org.acumos.databroker.zipbroker.service.impl.ZipBrokerFileServiceImpl|| In getMIMEType method
2018-02-21 21:12:00,277|||main||||DEBUG|||||org.acumos.databroker.zipbroker.service.impl.ZipBrokerFileServiceImpl|| In getMIMEType method
2018-02-21 21:12:00,469|||main||||DEBUG|||||org.acumos.databroker.zipbroker.service.impl.ZipBrokerFileServiceImpl|| In getMIMEType method
2018-02-21 21:12:00,485|||main||||DEBUG|||||org.acumos.databroker.zipbroker.service.impl.ZipBrokerFileServiceImpl|| In getMIMEType method
2018-02-21 21:12:00,677|||main||||DEBUG|||||org.acumos.databroker.zipbroker.service.impl.ZipBrokerFileServiceImpl|| In getMIMEType method
2018-02-21 21:12:00,694|||main||||DEBUG|||||org.acumos.databroker.zipbroker.service.impl.ZipBrokerFileServiceImpl|| In getMIMEType method
2018-02-21 21:12:00,873|||main||||DEBUG|||||org.acumos.databroker.zipbroker.service.impl.ZipBrokerFileServiceImpl|| In getMIMEType method
2018-02-21 21:12:00,889|||main||||DEBUG|||||org.acumos.databroker.zipbroker.service.impl.ZipBrokerFileServiceImpl|| In getMIMEType method
2018-02-21 21:12:00,899|||main||||DEBUG|||||org.acumos.databroker.zipbroker.service.impl.ZipBrokerFileServiceImpl|| In getMIMEType method
2018-02-21 21:12:01,082|||main||||DEBUG|||||org.acumos.databroker.zipbroker.service.impl.ZipBrokerFileServiceImpl|| In getMIMEType method
2018-02-21 21:12:01,096|||main||||DEBUG|||||org.acumos.databroker.zipbroker.service.impl.ZipBrokerFileServiceImpl|| In getMIMEType method
2018-02-21 21:12:01,283|||main||||DEBUG|||||org.acumos.databroker.zipbroker.service.impl.ZipBrokerFileServiceImpl|| In getMIMEType method
2018-02-21 21:12:01,301|||main||||DEBUG|||||org.acumos.databroker.zipbroker.service.impl.ZipBrokerFileServiceImpl|| In getMIMEType method
2018-02-21 21:12:01,490|||main||||DEBUG|||||org.acumos.databroker.zipbroker.service.impl.ZipBrokerFileServiceImpl|| In getMIMEType method
2018-02-21 21:12:01,503|||main||||DEBUG|||||org.acumos.databroker.zipbroker.service.impl.ZipBrokerFileServiceImpl|| In getMIMEType method
2018-02-21 21:12:01,511|||main||||DEBUG|||||org.acumos.databroker.zipbroker.service.impl.ZipBrokerFileServiceImpl|| In getMIMEType method
2018-02-21 21:12:01,678|||main||||DEBUG|||||org.acumos.databroker.zipbroker.service.impl.ZipBrokerFileServiceImpl|| In getMIMEType method
2018-02-21 21:12:01,698|||main||||DEBUG|||||org.acumos.databroker.zipbroker.service.impl.ZipBrokerFileServiceImpl|| In getMIMEType method
2018-02-21 21:12:01,716|||main||||DEBUG|||||org.acumos.databroker.zipbroker.service.impl.ZipBrokerFileServiceImpl|| In getMIMEType method
2018-02-21 21:12:01,898|||main||||DEBUG|||||org.acumos.databroker.zipbroker.service.impl.ZipBrokerFileServiceImpl|| In getMIMEType method
2018-02-21 21:12:01,915|||main||||DEBUG|||||org.acumos.databroker.zipbroker.service.impl.ZipBrokerFileServiceImpl|| In getMIMEType method
2018-02-21 21:12:01,923|||main||||DEBUG|||||org.acumos.databroker.zipbroker.service.impl.ZipBrokerFileServiceImpl|| In getMIMEType method
2018-02-21 21:12:01,930|||main||||DEBUG|||||org.acumos.databroker.zipbroker.service.impl.ZipBrokerFileServiceImpl|| In getMIMEType method
2018-02-21 21:12:01,937|||main||||DEBUG|||||org.acumos.databroker.zipbroker.service.impl.ZipBrokerFileServiceImpl|| In getMIMEType method
2018-02-21 21:12:01,945|||main||||DEBUG|||||org.acumos.databroker.zipbroker.service.impl.ZipBrokerFileServiceImpl|| In getMIMEType method
2018-02-21 21:12:02,054|||main||||DEBUG|||||org.acumos.databroker.zipbroker.service.impl.ZipBrokerFileServiceImpl|| In getMIMEType method
2018-02-21 21:12:02,077|||main||||DEBUG|||||org.acumos.databroker.zipbroker.service.impl.ZipBrokerFileServiceImpl|| In getMIMEType method
2018-02-21 21:12:02,089|||main||||DEBUG|||||org.acumos.databroker.zipbroker.service.impl.ZipBrokerFileServiceImpl|| In getMIMEType method
2018-02-21 21:12:02,097|||main||||DEBUG|||||org.acumos.databroker.zipbroker.service.impl.ZipBrokerFileServiceImpl|| In getMIMEType method
2018-02-21 21:12:02,105|||main||||DEBUG|||||org.acumos.databroker.zipbroker.service.impl.ZipBrokerFileServiceImpl|| In getMIMEType method
2018-02-21 21:12:02,113|||main||||DEBUG|||||org.acumos.databroker.zipbroker.service.impl.ZipBrokerFileServiceImpl|| In getMIMEType method
2018-02-21 21:12:02,121|||main||||DEBUG|||||org.acumos.databroker.zipbroker.service.impl.ZipBrokerFileServiceImpl|| In getMIMEType method
2018-02-21 21:12:02,126|||main||||DEBUG|||||org.acumos.databroker.zipbroker.service.impl.ZipBrokerFileServiceImpl|| In getMIMEType method
2018-02-21 21:12:02,131|||main||||DEBUG|||||org.acumos.databroker.zipbroker.service.impl.ZipBrokerFileServiceImpl|| In getMIMEType method
2018-02-21 21:12:02,138|||main||||DEBUG|||||org.acumos.databroker.zipbroker.service.impl.ZipBrokerFileServiceImpl|| In generateZipReaderResult metod
